-------------------------------------------------------------------------------
Test set: HomeWork1.ImageTests
-------------------------------------------------------------------------------
Tests run: 1, Failures: 0, Errors: 1, Skipped: 0, Time elapsed: 0.008 s <<< FAILURE! - in HomeWork1.ImageTests
HomeWork1.ImageTests  Time elapsed: 0.008 s  <<< ERROR!
java.lang.ClassCastException: io.restassured.internal.RequestSpecificationImpl cannot be cast to io.restassured.specification.ResponseSpecification

