-------------------------------------------------------------------------------
Test set: HomeWork1.DeleteImageTests
-------------------------------------------------------------------------------
Tests run: 1, Failures: 0, Errors: 1, Skipped: 0, Time elapsed: 0.007 s <<< FAILURE! - in HomeWork1.DeleteImageTests
HomeWork1.DeleteImageTests  Time elapsed: 0.007 s  <<< ERROR!
java.lang.ClassCastException: io.restassured.internal.RequestSpecificationImpl cannot be cast to io.restassured.specification.ResponseSpecification

