<?xml version="1.0" encoding="UTF-8"?>
<testsuite xmlns:xsi="http://www.w3.org/2001/XMLSchema-instance" xsi:noNamespaceSchemaLocation="https://maven.apache.org/surefire/maven-surefire-plugin/xsd/surefire-test-report-3.0.xsd" version="3.0" name="HomeWork1.ImageTests" time="0.008" tests="1" errors="1" skipped="0" failures="0">
  <properties>
[...]
</properties>
  <testcase name="" classname="HomeWork1.ImageTests" time="0.008">
    <error type="java.lang.ClassCastException"><![CDATA[java.lang.ClassCastException: io.restassured.internal.RequestSpecificationImpl cannot be cast to io.restassured.specification.ResponseSpecification
]]></error>
  </testcase>
</testsuite>